[1] "2022-09-05 18:31:38 EDT"

Now on repeat 1 of 1 -------------------------

Total number of discriminator parameters are: 801
Following numbers are estimation erros measured in L2 (Location), Operator, and Frobenius norms
[ 2022-09-05 18:31:43 Iter 1 ]  l2: 0.2818 F: 2.1822 Op: 1.5271 Gloss: 2.2177 Dloss: -1.3994 | cvx: time = 0.933996
[ 2022-09-05 18:31:48 Iter 2 ]  l2: 0.19128 F: 1.7719 Op: 1.2261 Gloss: 1.0383 Dloss: -0.83939 | cvx: time = 0.8720071
[ 2022-09-05 18:31:52 Iter 3 ]  l2: 0.1302 F: 1.3429 Op: 0.91363 Gloss: 0.68138 Dloss: -0.49066 | cvx: time = 0.776639
[ 2022-09-05 18:31:56 Iter 4 ]  l2: 0.11703 F: 0.95148 Op: 0.67053 Gloss: 0.46889 Dloss: -0.34357 | cvx: time = 0.812501
[ 2022-09-05 18:32:01 Iter 5 ]  l2: 0.1075 F: 0.66928 Op: 0.44477 Gloss: 0.30797 Dloss: -0.2181 | cvx: time = 0.754813
[ 2022-09-05 18:32:05 Iter 6 ]  l2: 0.12658 F: 0.80822 Op: 0.58593 Gloss: 0.31199 Dloss: -0.22598 | cvx: time = 0.7929468
[ 2022-09-05 18:32:09 Iter 7 ]  l2: 0.085292 F: 0.63286 Op: 0.4693 Gloss: 0.32489 Dloss: -0.23248 | cvx: time = 0.7130311
[ 2022-09-05 18:32:14 Iter 8 ]  l2: 0.077948 F: 0.54996 Op: 0.45314 Gloss: 0.21471 Dloss: -0.17675 | cvx: time = 0.7314541
[ 2022-09-05 18:32:18 Iter 9 ]  l2: 0.084614 F: 0.45316 Op: 0.28046 Gloss: 0.18711 Dloss: -0.17464 | cvx: time = 0.692204
[ 2022-09-05 18:32:22 Iter 10 ]  l2: 0.085925 F: 0.47052 Op: 0.3877 Gloss: 0.15407 Dloss: -0.14577 | cvx: time = 0.663996
[ 2022-09-05 18:32:26 Iter 11 ]  l2: 0.094334 F: 0.40189 Op: 0.2955 Gloss: 0.13194 Dloss: -0.14925 | cvx: time = 0.69452
[ 2022-09-05 18:32:30 Iter 12 ]  l2: 0.064713 F: 0.3772 Op: 0.2622 Gloss: 0.12918 Dloss: -0.13387 | cvx: time = 0.675853
[ 2022-09-05 18:32:35 Iter 13 ]  l2: 0.080149 F: 0.38243 Op: 0.26595 Gloss: 0.13373 Dloss: -0.1329 | cvx: time = 0.6720018
[ 2022-09-05 18:32:39 Iter 14 ]  l2: 0.086117 F: 0.37992 Op: 0.28796 Gloss: 0.13762 Dloss: -0.14161 | cvx: time = 0.680161
[ 2022-09-05 18:32:43 Iter 15 ]  l2: 0.062452 F: 0.42918 Op: 0.33028 Gloss: 0.10748 Dloss: -0.13691 | cvx: time = 0.6383531
[ 2022-09-05 18:32:47 Iter 16 ]  l2: 0.057618 F: 0.35583 Op: 0.20616 Gloss: 0.12864 Dloss: -0.12811 | cvx: time = 0.655566
[ 2022-09-05 18:32:51 Iter 17 ]  l2: 0.10137 F: 0.41743 Op: 0.33094 Gloss: 0.11306 Dloss: -0.13244 | cvx: time = 0.6492252
[ 2022-09-05 18:32:55 Iter 18 ]  l2: 0.075507 F: 0.38721 Op: 0.29379 Gloss: 0.1313 Dloss: -0.14226 | cvx: time = 0.662524
[ 2022-09-05 18:33:00 Iter 19 ]  l2: 0.074559 F: 0.40723 Op: 0.33612 Gloss: 0.10763 Dloss: -0.12804 | cvx: time = 0.6696961
[ 2022-09-05 18:33:04 Iter 20 ]  l2: 0.071687 F: 0.40723 Op: 0.31946 Gloss: 0.10999 Dloss: -0.1369 | cvx: time = 0.6774919
[ 2022-09-05 18:33:08 Iter 21 ]  l2: 0.07194 F: 0.3871 Op: 0.29513 Gloss: 0.11716 Dloss: -0.13468 | cvx: time = 0.6504769
[ 2022-09-05 18:33:12 Iter 22 ]  l2: 0.077521 F: 0.31254 Op: 0.23963 Gloss: 0.11023 Dloss: -0.13393 | cvx: time = 0.692255
[ 2022-09-05 18:33:17 Iter 23 ]  l2: 0.087318 F: 0.31338 Op: 0.24257 Gloss: 0.11314 Dloss: -0.12323 | cvx: time = 0.737556
[ 2022-09-05 18:33:21 Iter 24 ]  l2: 0.087923 F: 0.37623 Op: 0.30378 Gloss: 0.11837 Dloss: -0.12524 | cvx: time = 0.62375
[ 2022-09-05 18:33:25 Iter 25 ]  l2: 0.069152 F: 0.33747 Op: 0.25939 Gloss: 0.12788 Dloss: -0.12951 | cvx: time = 0.7045739
[ 2022-09-05 18:33:29 Iter 26 ]  l2: 0.076972 F: 0.37181 Op: 0.29429 Gloss: 0.11491 Dloss: -0.1244 | cvx: time = 0.720412
[ 2022-09-05 18:33:34 Iter 27 ]  l2: 0.078209 F: 0.3913 Op: 0.31482 Gloss: 0.099751 Dloss: -0.13379 | cvx: time = 0.7020941
[ 2022-09-05 18:33:38 Iter 28 ]  l2: 0.081342 F: 0.43512 Op: 0.3554 Gloss: 0.12132 Dloss: -0.12111 | cvx: time = 0.650743
[ 2022-09-05 18:33:42 Iter 29 ]  l2: 0.08218 F: 0.39557 Op: 0.30946 Gloss: 0.11547 Dloss: -0.13214 | cvx: time = 0.6594779
[ 2022-09-05 18:33:46 Iter 30 ]  l2: 0.075755 F: 0.41864 Op: 0.33659 Gloss: 0.13199 Dloss: -0.12657 | cvx: time = 0.633364
[ 2022-09-05 18:33:50 Iter 31 ]  l2: 0.074846 F: 0.38229 Op: 0.28132 Gloss: 0.11161 Dloss: -0.12566 | cvx: time = 0.7325859
[ 2022-09-05 18:33:55 Iter 32 ]  l2: 0.07036 F: 0.40881 Op: 0.33535 Gloss: 0.10938 Dloss: -0.12655 | cvx: time = 0.7600088
[ 2022-09-05 18:33:59 Iter 33 ]  l2: 0.072175 F: 0.34618 Op: 0.27563 Gloss: 0.12242 Dloss: -0.12542 | cvx: time = 0.612
[ 2022-09-05 18:34:03 Iter 34 ]  l2: 0.070644 F: 0.3734 Op: 0.30187 Gloss: 0.11696 Dloss: -0.11814 | cvx: time = 0.625288
[ 2022-09-05 18:34:07 Iter 35 ]  l2: 0.073426 F: 0.34228 Op: 0.25957 Gloss: 0.10606 Dloss: -0.12166 | cvx: time = 0.6866641
[ 2022-09-05 18:34:11 Iter 36 ]  l2: 0.071261 F: 0.36526 Op: 0.27764 Gloss: 0.088716 Dloss: -0.12428 | cvx: time = 0.703084
[ 2022-09-05 18:34:16 Iter 37 ]  l2: 0.081349 F: 0.41671 Op: 0.31774 Gloss: 0.10384 Dloss: -0.12397 | cvx: time = 0.640892
[ 2022-09-05 18:34:20 Iter 38 ]  l2: 0.074637 F: 0.36187 Op: 0.28804 Gloss: 0.099705 Dloss: -0.12944 | cvx: time = 0.6769118
[ 2022-09-05 18:34:24 Iter 39 ]  l2: 0.073413 F: 0.31884 Op: 0.23708 Gloss: 0.10413 Dloss: -0.13178 | cvx: time = 0.7116699
[ 2022-09-05 18:34:28 Iter 40 ]  l2: 0.071785 F: 0.32421 Op: 0.24453 Gloss: 0.10653 Dloss: -0.12422 | cvx: time = 0.6950421
[ 2022-09-05 18:34:32 Iter 41 ]  l2: 0.074646 F: 0.33924 Op: 0.26435 Gloss: 0.098773 Dloss: -0.12324 | cvx: time = 0.641356
[ 2022-09-05 18:34:36 Iter 42 ]  l2: 0.074492 F: 0.34811 Op: 0.26897 Gloss: 0.10722 Dloss: -0.11341 | cvx: time = 0.6682899
[ 2022-09-05 18:34:41 Iter 43 ]  l2: 0.070261 F: 0.35818 Op: 0.26915 Gloss: 0.11792 Dloss: -0.12964 | cvx: time = 0.683043
[ 2022-09-05 18:34:45 Iter 44 ]  l2: 0.069889 F: 0.34014 Op: 0.25371 Gloss: 0.11406 Dloss: -0.11922 | cvx: time = 0.621433
[ 2022-09-05 18:34:49 Iter 45 ]  l2: 0.06853 F: 0.29539 Op: 0.20462 Gloss: 0.10316 Dloss: -0.12758 | cvx: time = 0.8114109
[ 2022-09-05 18:34:53 Iter 46 ]  l2: 0.073452 F: 0.29956 Op: 0.2028 Gloss: 0.10476 Dloss: -0.1256 | cvx: time = 0.7279348
[ 2022-09-05 18:34:58 Iter 47 ]  l2: 0.070393 F: 0.31047 Op: 0.21758 Gloss: 0.11468 Dloss: -0.12165 | cvx: time = 0.685719
[ 2022-09-05 18:35:02 Iter 48 ]  l2: 0.072306 F: 0.3235 Op: 0.23217 Gloss: 0.11131 Dloss: -0.12511 | cvx: time = 0.7676702
[ 2022-09-05 18:35:06 Iter 49 ]  l2: 0.069155 F: 0.30826 Op: 0.22119 Gloss: 0.11691 Dloss: -0.12123 | cvx: time = 0.6840281
[ 2022-09-05 18:35:10 Iter 50 ]  l2: 0.069551 F: 0.2981 Op: 0.21057 Gloss: 0.10489 Dloss: -0.11667 | cvx: time = 0.673512
[ 2022-09-05 18:35:15 Iter 51 ]  l2: 0.068616 F: 0.30091 Op: 0.21777 Gloss: 0.098599 Dloss: -0.12029 | cvx: time = 0.7706861
[ 2022-09-05 18:35:19 Iter 52 ]  l2: 0.069142 F: 0.30492 Op: 0.225 Gloss: 0.11422 Dloss: -0.12597 | cvx: time = 0.6910169
[ 2022-09-05 18:35:23 Iter 53 ]  l2: 0.069983 F: 0.30155 Op: 0.21708 Gloss: 0.11176 Dloss: -0.11918 | cvx: time = 0.7268951
[ 2022-09-05 18:35:28 Iter 54 ]  l2: 0.071051 F: 0.28839 Op: 0.2066 Gloss: 0.10618 Dloss: -0.12717 | cvx: time = 0.6973801
[ 2022-09-05 18:35:32 Iter 55 ]  l2: 0.070051 F: 0.30676 Op: 0.22637 Gloss: 0.1083 Dloss: -0.12418 | cvx: time = 0.612206
[ 2022-09-05 18:35:36 Iter 56 ]  l2: 0.069805 F: 0.29905 Op: 0.2258 Gloss: 0.10231 Dloss: -0.12321 | cvx: time = 0.673224
[ 2022-09-05 18:35:40 Iter 57 ]  l2: 0.070389 F: 0.30669 Op: 0.22594 Gloss: 0.10406 Dloss: -0.11743 | cvx: time = 0.73998
[ 2022-09-05 18:35:44 Iter 58 ]  l2: 0.071918 F: 0.30517 Op: 0.22275 Gloss: 0.10488 Dloss: -0.11752 | cvx: time = 0.655118
[ 2022-09-05 18:35:49 Iter 59 ]  l2: 0.072668 F: 0.31074 Op: 0.22502 Gloss: 0.11513 Dloss: -0.12403 | cvx: time = 0.660208
[ 2022-09-05 18:35:53 Iter 60 ]  l2: 0.072698 F: 0.30256 Op: 0.21994 Gloss: 0.10668 Dloss: -0.11949 | cvx: time = 0.6834221
[ 2022-09-05 18:35:57 Iter 61 ]  l2: 0.06921 F: 0.30784 Op: 0.2292 Gloss: 0.10395 Dloss: -0.12176 | cvx: time = 0.6528552
[ 2022-09-05 18:36:01 Iter 62 ]  l2: 0.071726 F: 0.30339 Op: 0.22537 Gloss: 0.10764 Dloss: -0.11807 | cvx: time = 0.642163
[ 2022-09-05 18:36:05 Iter 63 ]  l2: 0.071312 F: 0.30435 Op: 0.22252 Gloss: 0.10806 Dloss: -0.11414 | cvx: time = 0.6455481
[ 2022-09-05 18:36:10 Iter 64 ]  l2: 0.071487 F: 0.30832 Op: 0.23068 Gloss: 0.10069 Dloss: -0.12463 | cvx: time = 0.75336
[ 2022-09-05 18:36:14 Iter 65 ]  l2: 0.071659 F: 0.30878 Op: 0.23053 Gloss: 0.10536 Dloss: -0.11898 | cvx: time = 0.6984699
[ 2022-09-05 18:36:19 Iter 66 ]  l2: 0.070955 F: 0.31074 Op: 0.23147 Gloss: 0.094695 Dloss: -0.12123 | cvx: time = 0.675339
[ 2022-09-05 18:36:23 Iter 67 ]  l2: 0.068401 F: 0.32466 Op: 0.24638 Gloss: 0.10501 Dloss: -0.1206 | cvx: time = 0.6832881
[ 2022-09-05 18:36:27 Iter 68 ]  l2: 0.067297 F: 0.32164 Op: 0.24293 Gloss: 0.11389 Dloss: -0.12108 | cvx: time = 0.6847541
[ 2022-09-05 18:36:32 Iter 69 ]  l2: 0.066786 F: 0.31988 Op: 0.24226 Gloss: 0.10891 Dloss: -0.12318 | cvx: time = 0.817452
[ 2022-09-05 18:36:36 Iter 70 ]  l2: 0.067447 F: 0.31998 Op: 0.24358 Gloss: 0.10627 Dloss: -0.12361 | cvx: time = 0.692987
[ 2022-09-05 18:36:40 Iter 71 ]  l2: 0.067994 F: 0.31365 Op: 0.23748 Gloss: 0.10242 Dloss: -0.11905 | cvx: time = 0.669838
[ 2022-09-05 18:36:45 Iter 72 ]  l2: 0.067938 F: 0.31518 Op: 0.23814 Gloss: 0.11331 Dloss: -0.11484 | cvx: time = 0.7435369
[ 2022-09-05 18:36:49 Iter 73 ]  l2: 0.066475 F: 0.32051 Op: 0.24336 Gloss: 0.11596 Dloss: -0.12641 | cvx: time = 0.7908661
[ 2022-09-05 18:36:53 Iter 74 ]  l2: 0.067487 F: 0.3205 Op: 0.24464 Gloss: 0.10284 Dloss: -0.1184 | cvx: time = 0.6514528
[ 2022-09-05 18:36:58 Iter 75 ]  l2: 0.067068 F: 0.32163 Op: 0.24616 Gloss: 0.10579 Dloss: -0.12489 | cvx: time = 0.653491
[ 2022-09-05 18:37:02 Iter 76 ]  l2: 0.066534 F: 0.3201 Op: 0.24894 Gloss: 0.11116 Dloss: -0.13034 | cvx: time = 0.6540911
[ 2022-09-05 18:37:06 Iter 77 ]  l2: 0.066855 F: 0.32293 Op: 0.25323 Gloss: 0.10974 Dloss: -0.11908 | cvx: time = 0.72297
[ 2022-09-05 18:37:10 Iter 78 ]  l2: 0.066575 F: 0.32609 Op: 0.2585 Gloss: 0.1051 Dloss: -0.12893 | cvx: time = 0.667526
[ 2022-09-05 18:37:15 Iter 79 ]  l2: 0.065644 F: 0.32663 Op: 0.25913 Gloss: 0.090355 Dloss: -0.12533 | cvx: time = 0.6589758
[ 2022-09-05 18:37:19 Iter 80 ]  l2: 0.065906 F: 0.32575 Op: 0.25825 Gloss: 0.098712 Dloss: -0.12968 | cvx: time = 0.7290921
[ 2022-09-05 18:37:23 Iter 81 ]  l2: 0.065588 F: 0.32392 Op: 0.2559 Gloss: 0.10298 Dloss: -0.11797 | cvx: time = 0.793139
[ 2022-09-05 18:37:28 Iter 82 ]  l2: 0.066003 F: 0.32512 Op: 0.25642 Gloss: 0.10362 Dloss: -0.1309 | cvx: time = 0.801172
[ 2022-09-05 18:37:32 Iter 83 ]  l2: 0.065955 F: 0.32991 Op: 0.26278 Gloss: 0.10324 Dloss: -0.12758 | cvx: time = 0.6897039
[ 2022-09-05 18:37:36 Iter 84 ]  l2: 0.066098 F: 0.32745 Op: 0.26068 Gloss: 0.11926 Dloss: -0.12173 | cvx: time = 0.7363548
[ 2022-09-05 18:37:41 Iter 85 ]  l2: 0.065505 F: 0.32928 Op: 0.26244 Gloss: 0.11158 Dloss: -0.11449 | cvx: time = 0.6641011
[ 2022-09-05 18:37:45 Iter 86 ]  l2: 0.065613 F: 0.33002 Op: 0.26315 Gloss: 0.10601 Dloss: -0.11952 | cvx: time = 0.6853268
[ 2022-09-05 18:37:49 Iter 87 ]  l2: 0.065253 F: 0.33013 Op: 0.2639 Gloss: 0.10676 Dloss: -0.12164 | cvx: time = 0.661489
[ 2022-09-05 18:37:54 Iter 88 ]  l2: 0.064877 F: 0.33344 Op: 0.2671 Gloss: 0.10648 Dloss: -0.12425 | cvx: time = 0.7726469
[ 2022-09-05 18:37:58 Iter 89 ]  l2: 0.065447 F: 0.33168 Op: 0.26532 Gloss: 0.11555 Dloss: -0.12112 | cvx: time = 0.6784599
[ 2022-09-05 18:38:02 Iter 90 ]  l2: 0.065576 F: 0.33168 Op: 0.26496 Gloss: 0.1011 Dloss: -0.11851 | cvx: time = 0.7016571
[ 2022-09-05 18:38:07 Iter 91 ]  l2: 0.065298 F: 0.33445 Op: 0.26803 Gloss: 0.10798 Dloss: -0.12748 | cvx: time = 0.808239
[ 2022-09-05 18:38:11 Iter 92 ]  l2: 0.065423 F: 0.33506 Op: 0.2685 Gloss: 0.098694 Dloss: -0.11913 | cvx: time = 0.6270912
[ 2022-09-05 18:38:15 Iter 93 ]  l2: 0.065671 F: 0.33606 Op: 0.269 Gloss: 0.10961 Dloss: -0.11947 | cvx: time = 0.6737549
[ 2022-09-05 18:38:19 Iter 94 ]  l2: 0.065602 F: 0.33532 Op: 0.26853 Gloss: 0.10563 Dloss: -0.1178 | cvx: time = 0.6228149
[ 2022-09-05 18:38:23 Iter 95 ]  l2: 0.065395 F: 0.33677 Op: 0.27012 Gloss: 0.11575 Dloss: -0.11649 | cvx: time = 0.6293869
[ 2022-09-05 18:38:28 Iter 96 ]  l2: 0.065258 F: 0.33566 Op: 0.26973 Gloss: 0.10323 Dloss: -0.11728 | cvx: time = 0.6383319
[ 2022-09-05 18:38:32 Iter 97 ]  l2: 0.065391 F: 0.33473 Op: 0.26857 Gloss: 0.097864 Dloss: -0.12668 | cvx: time = 0.748415
[ 2022-09-05 18:38:36 Iter 98 ]  l2: 0.065091 F: 0.33543 Op: 0.26901 Gloss: 0.11919 Dloss: -0.12381 | cvx: time = 0.6839411
[ 2022-09-05 18:38:40 Iter 99 ]  l2: 0.065194 F: 0.33447 Op: 0.2679 Gloss: 0.10969 Dloss: -0.12032 | cvx: time = 0.670994
[ 2022-09-05 18:38:45 Iter 100 ]  l2: 0.065318 F: 0.33494 Op: 0.26861 Gloss: 0.10629 Dloss: -0.11979 | cvx: time = 0.6993079
 Running time: 427.011 sec elapsed
$eps
[1] 0.1

$p
[1] 10

$n
[1] 2000

$Cov
[1] "Ar"

$sd
[1] 1

$mu
NULL

$Q
[1] "A"

$fold
[1] 1

$pen_lvl
[1] 0.3

$L1_pen
[1] TRUE

$batch_x
[1] 2000

$batch_z
[1] 2000

$kendall_size
[1] 2000

$lr
[1] 1

$decay_lr
[1] TRUE

$iter
[1] 100

$optim
[1] "MOSEK"

$Loss
[1] "rKL"

$seed
[1] 0

R version 4.2.1 (2022-06-23)
Platform: aarch64-apple-darwin21.6.0 (64-bit)
Running under: macOS Monterey 12.5.1

Matrix products: default
LAPACK: /opt/homebrew/Cellar/r/4.2.1_2/lib/R/lib/libRlapack.dylib

locale:
[1] en_US.UTF-8/en_US.UTF-8/en_US.UTF-8/C/en_US.UTF-8/en_US.UTF-8

attached base packages:
[1] stats     graphics  grDevices utils     datasets  methods   base     

other attached packages:
 [1] forcats_0.5.2   stringr_1.4.1   dplyr_1.0.9     purrr_0.3.4     readr_2.1.2     tidyr_1.2.0     tibble_3.1.8   
 [8] ggplot2_3.3.6   tidyverse_1.3.2 CVXR_1.0-10     tictoc_1.0.1    Rmosek_10.0.18  Matrix_1.4-1   

loaded via a namespace (and not attached):
 [1] tidyselect_1.1.2    haven_2.5.1         lattice_0.20-45     gargle_1.2.0        colorspace_2.0-3   
 [6] vctrs_0.4.1         generics_0.1.3      gmp_0.6-6           utf8_1.2.2          rlang_1.0.4        
[11] pillar_1.8.1        withr_2.5.0         glue_1.6.2          Rmpfr_0.8-9         DBI_1.1.3          
[16] bit64_4.0.5         dbplyr_2.2.1        modelr_0.1.9        readxl_1.4.1        lifecycle_1.0.1    
[21] munsell_0.5.0       gtable_0.3.0        cellranger_1.1.0    rvest_1.0.3         tzdb_0.3.0         
[26] fansi_1.0.3         broom_1.0.0         Rcpp_1.0.9          backports_1.4.1     scales_1.2.1       
[31] googlesheets4_1.0.1 jsonlite_1.8.0      fs_1.5.2            bit_4.0.4           hms_1.1.2          
[36] stringi_1.7.8       grid_4.2.1          cli_3.3.0           tools_4.2.1         magrittr_2.0.3     
[41] crayon_1.5.1        pkgconfig_2.0.3     ellipsis_0.3.2      xml2_1.3.3          reprex_2.0.2       
[46] googledrive_2.0.0   lubridate_1.8.0     assertthat_0.2.1    httr_1.4.4          rstudioapi_0.14    
[51] R6_2.5.1            compiler_4.2.1     
